0 info it worked if it ends with ok
1 verbose cli [ '/usr/local/bin/node', '/usr/local/bin/npm', 'run', 'specs' ]
2 info using npm@3.8.3
3 info using node@v5.10.1
4 verbose config Skipping project config: /Users/nicholas/.npmrc. (matches userconfig)
5 verbose stack Error: missing script: specs
5 verbose stack     at run (/usr/local/lib/node_modules/npm/lib/run-script.js:147:19)
5 verbose stack     at /usr/local/lib/node_modules/npm/lib/run-script.js:57:5
5 verbose stack     at /usr/local/lib/node_modules/npm/node_modules/read-package-json/read-json.js:345:5
5 verbose stack     at checkBinReferences_ (/usr/local/lib/node_modules/npm/node_modules/read-package-json/read-json.js:309:45)
5 verbose stack     at final (/usr/local/lib/node_modules/npm/node_modules/read-package-json/read-json.js:343:3)
5 verbose stack     at then (/usr/local/lib/node_modules/npm/node_modules/read-package-json/read-json.js:113:5)
5 verbose stack     at ReadFileContext.<anonymous> (/usr/local/lib/node_modules/npm/node_modules/read-package-json/read-json.js:284:20)
5 verbose stack     at ReadFileContext.callback (/usr/local/lib/node_modules/npm/node_modules/graceful-fs/graceful-fs.js:78:16)
5 verbose stack     at FSReqWrap.readFileAfterOpen [as oncomplete] (fs.js:324:13)
6 verbose cwd /Users/nicholas/Dropbox/Training/Backbone/backbone_demo/0090_jasmine/demo
7 error Darwin 15.5.0
8 error argv "/usr/local/bin/node" "/usr/local/bin/npm" "run" "specs"
9 error node v5.10.1
10 error npm  v3.8.3
11 error missing script: specs
12 error If you need help, you may report this error at:
12 error     <https://github.com/npm/npm/issues>
13 verbose exit [ 1, true ]
